<?xml version="1.0" encoding="UTF-8"?>
<testng-results ignored="0" total="3" passed="3" failed="0" skipped="0">
  <reporter-output>
    <line>
      <![CDATA[CreateCustomer]]>
    </line>
  </reporter-output>
  <suite started-at="2023-08-01T20:44:03 IST" name="Suite" finished-at="2023-08-01T20:45:58 IST" duration-ms="114895">
    <groups>
    </groups>
    <test started-at="2023-08-01T20:44:03 IST" name="Test" finished-at="2023-08-01T20:45:58 IST" duration-ms="114895">
      <class name="com.actitime.testscript.ProjectModule">
        <test-method is-config="true" signature="openBrowser()[pri:0, instance:com.actitime.testscript.ProjectModule@75d4a5c2]" started-at="2023-08-01T20:44:38 IST" name="openBrowser" finished-at="2023-08-01T20:44:40 IST" duration-ms="1783" status="PASS">
          <reporter-output>
          </reporter-output>
        </test-method> <!-- openBrowser -->
        <test-method is-config="true" signature="login()[pri:0, instance:com.actitime.testscript.ProjectModule@75d4a5c2]" started-at="2023-08-01T20:44:40 IST" name="login" finished-at="2023-08-01T20:44:53 IST" duration-ms="12605" status="PASS">
          <reporter-output>
          </reporter-output>
        </test-method> <!-- login -->
        <test-method signature="CreateProject()[pri:0, instance:com.actitime.testscript.ProjectModule@75d4a5c2]" started-at="2023-08-01T20:44:53 IST" name="CreateProject" finished-at="2023-08-01T20:45:07 IST" duration-ms="14431" status="PASS">
          <reporter-output>
          </reporter-output>
        </test-method> <!-- CreateProject -->
        <test-method is-config="true" signature="logout()[pri:0, instance:com.actitime.testscript.ProjectModule@75d4a5c2]" started-at="2023-08-01T20:45:07 IST" name="logout" finished-at="2023-08-01T20:45:09 IST" duration-ms="2229" status="PASS">
          <reporter-output>
          </reporter-output>
        </test-method> <!-- logout -->
        <test-method is-config="true" signature="closeBrowser()[pri:0, instance:com.actitime.testscript.ProjectModule@75d4a5c2]" started-at="2023-08-01T20:45:09 IST" name="closeBrowser" finished-at="2023-08-01T20:45:09 IST" duration-ms="247" status="PASS">
          <reporter-output>
          </reporter-output>
        </test-method> <!-- closeBrowser -->
      </class> <!-- com.actitime.testscript.ProjectModule -->
      <class name="com.actitime.testscript.CustomerModule">
        <test-method is-config="true" signature="openBrowser()[pri:0, instance:com.actitime.testscript.CustomerModule@3754a4bf]" started-at="2023-08-01T20:44:03 IST" name="openBrowser" finished-at="2023-08-01T20:44:08 IST" duration-ms="4475" status="PASS">
          <reporter-output>
          </reporter-output>
        </test-method> <!-- openBrowser -->
        <test-method is-config="true" signature="login()[pri:0, instance:com.actitime.testscript.CustomerModule@3754a4bf]" started-at="2023-08-01T20:44:08 IST" name="login" finished-at="2023-08-01T20:44:19 IST" duration-ms="11094" status="PASS">
          <reporter-output>
          </reporter-output>
        </test-method> <!-- login -->
        <test-method signature="createCustomer()[pri:0, instance:com.actitime.testscript.CustomerModule@3754a4bf]" started-at="2023-08-01T20:44:19 IST" name="createCustomer" finished-at="2023-08-01T20:44:36 IST" duration-ms="17136" status="PASS">
          <reporter-output>
            <line>
              <![CDATA[CreateCustomer]]>
            </line>
          </reporter-output>
        </test-method> <!-- createCustomer -->
        <test-method is-config="true" signature="logout()[pri:0, instance:com.actitime.testscript.CustomerModule@3754a4bf]" started-at="2023-08-01T20:44:36 IST" name="logout" finished-at="2023-08-01T20:44:38 IST" duration-ms="2190" status="PASS">
          <reporter-output>
          </reporter-output>
        </test-method> <!-- logout -->
        <test-method is-config="true" signature="closeBrowser()[pri:0, instance:com.actitime.testscript.CustomerModule@3754a4bf]" started-at="2023-08-01T20:44:38 IST" name="closeBrowser" finished-at="2023-08-01T20:44:38 IST" duration-ms="199" status="PASS">
          <reporter-output>
          </reporter-output>
        </test-method> <!-- closeBrowser -->
      </class> <!-- com.actitime.testscript.CustomerModule -->
      <class name="com.actitime.testscript.TaskModule">
        <test-method is-config="true" signature="openBrowser()[pri:0, instance:com.actitime.testscript.TaskModule@557caf28]" started-at="2023-08-01T20:45:09 IST" name="openBrowser" finished-at="2023-08-01T20:45:11 IST" duration-ms="1863" status="PASS">
          <reporter-output>
          </reporter-output>
        </test-method> <!-- openBrowser -->
        <test-method is-config="true" signature="login()[pri:0, instance:com.actitime.testscript.TaskModule@557caf28]" started-at="2023-08-01T20:45:11 IST" name="login" finished-at="2023-08-01T20:45:27 IST" duration-ms="15395" status="PASS">
          <reporter-output>
          </reporter-output>
        </test-method> <!-- login -->
        <test-method signature="createTask()[pri:0, instance:com.actitime.testscript.TaskModule@557caf28]" started-at="2023-08-01T20:45:27 IST" name="createTask" finished-at="2023-08-01T20:45:55 IST" duration-ms="28103" status="PASS">
          <reporter-output>
          </reporter-output>
        </test-method> <!-- createTask -->
        <test-method is-config="true" signature="logout()[pri:0, instance:com.actitime.testscript.TaskModule@557caf28]" started-at="2023-08-01T20:45:55 IST" name="logout" finished-at="2023-08-01T20:45:57 IST" duration-ms="2259" status="PASS">
          <reporter-output>
          </reporter-output>
        </test-method> <!-- logout -->
        <test-method is-config="true" signature="closeBrowser()[pri:0, instance:com.actitime.testscript.TaskModule@557caf28]" started-at="2023-08-01T20:45:57 IST" name="closeBrowser" finished-at="2023-08-01T20:45:58 IST" duration-ms="788" status="PASS">
          <reporter-output>
          </reporter-output>
        </test-method> <!-- closeBrowser -->
      </class> <!-- com.actitime.testscript.TaskModule -->
    </test> <!-- Test -->
  </suite> <!-- Suite -->
</testng-results>
