<?xml version="1.0" encoding="UTF-8"?>
<!-- Generated by org.testng.reporters.JUnitXMLReporter -->
<testsuite ignored="0" hostname="DESKTOP-KEFG07B" failures="0" tests="2" name="Test2" time="42.92" errors="0" timestamp="2023-08-01T01:21:38 IST">
  <testcase classname="com.actitime.testscript.Demo" name="createCustomer" time="0.016"/>
  <testcase classname="com.actitime.testscript.Demo" name="modifyCustomer" time="0.0">
    <skipped/>
  </testcase> <!-- modifyCustomer -->
</testsuite> <!-- Test2 -->
