<?xml version="1.0" encoding="UTF-8"?>
<!-- Generated by org.testng.reporters.JUnitXMLReporter -->
<testsuite ignored="0" hostname="DESKTOP-KEFG07B" failures="0" tests="3" name="Test" time="114.895" errors="0" timestamp="2023-08-01T20:45:58 IST">
  <testcase classname="com.actitime.testscript.CustomerModule" name="createCustomer" time="17.136"/>
  <testcase classname="com.actitime.testscript.ProjectModule" name="CreateProject" time="14.431"/>
  <testcase classname="com.actitime.testscript.TaskModule" name="createTask" time="28.103"/>
</testsuite> <!-- Test -->
